2018-06-23 19:54:15 [restartedMain] INFO  c.n.t.DemoApplication - Starting DemoApplication on DESKTOP-FK0BPQN with PID 16168 (E:\projects\transactionTracker\target\classes started by USER in E:\projects\transactionTracker)
2018-06-23 19:54:15 [restartedMain] INFO  c.n.t.DemoApplication - No active profile set, falling back to default profiles: default
2018-06-23 19:54:17 [restartedMain] INFO  c.n.t.DemoApplication - Started DemoApplication in 1.629 seconds (JVM running for 3560.941)
2018-06-23 19:54:32 [http-nio-8080-exec-1] INFO  c.n.t.c.TransactionController - this transaction occured more than one minute agoTransactionEntity [amount=13.32323, timestamp=1529773430845]
2018-06-23 19:55:06 [restartedMain] INFO  c.n.t.DemoApplication - Starting DemoApplication on DESKTOP-FK0BPQN with PID 16168 (E:\projects\transactionTracker\target\classes started by USER in E:\projects\transactionTracker)
2018-06-23 19:55:06 [restartedMain] INFO  c.n.t.DemoApplication - No active profile set, falling back to default profiles: default
2018-06-23 19:55:08 [restartedMain] INFO  c.n.t.DemoApplication - Started DemoApplication in 1.715 seconds (JVM running for 3611.875)
2018-06-23 20:33:12 [main] INFO  c.n.t.c.StatisticsControllerTests - Starting StatisticsControllerTests on DESKTOP-FK0BPQN with PID 11148 (started by USER in E:\projects\transactionTracker)
2018-06-23 20:33:12 [main] INFO  c.n.t.c.StatisticsControllerTests - No active profile set, falling back to default profiles: default
2018-06-23 20:33:19 [main] INFO  c.n.t.c.StatisticsControllerTests - Started StatisticsControllerTests in 7.313 seconds (JVM running for 9.026)
2018-06-23 20:33:19 [main] INFO  c.n.t.c.TransactionControllerTests - Starting TransactionControllerTests on DESKTOP-FK0BPQN with PID 11148 (started by USER in E:\projects\transactionTracker)
2018-06-23 20:33:19 [main] INFO  c.n.t.c.TransactionControllerTests - No active profile set, falling back to default profiles: default
2018-06-23 20:33:20 [main] INFO  c.n.t.c.TransactionControllerTests - Started TransactionControllerTests in 1.12 seconds (JVM running for 10.446)
2018-06-23 20:33:21 [main] INFO  c.n.t.c.TransactionController - this transaction occured more than one minute ago TransactionEntity [amount=13.3, timestamp=1529756760467]
2018-06-23 20:33:21 [main] INFO  c.n.t.c.TransactionController - this transaction added successfully to the counted list TransactionEntity [amount=13.3, timestamp=1529756760467]
2018-06-23 20:33:21 [main] INFO  c.n.t.DemoApplicationTests - Starting DemoApplicationTests on DESKTOP-FK0BPQN with PID 11148 (started by USER in E:\projects\transactionTracker)
2018-06-23 20:33:21 [main] INFO  c.n.t.DemoApplicationTests - No active profile set, falling back to default profiles: default
2018-06-23 20:33:25 [main] INFO  c.n.t.DemoApplicationTests - Started DemoApplicationTests in 4.347 seconds (JVM running for 15.137)
2018-06-23 20:37:03 [main] INFO  c.n.t.c.StatisticsControllerTests - Starting StatisticsControllerTests on DESKTOP-FK0BPQN with PID 7240 (started by USER in E:\projects\transactionTracker)
2018-06-23 20:37:03 [main] INFO  c.n.t.c.StatisticsControllerTests - No active profile set, falling back to default profiles: default
2018-06-23 20:37:07 [main] INFO  c.n.t.c.StatisticsControllerTests - Started StatisticsControllerTests in 4.914 seconds (JVM running for 6.931)
2018-06-23 20:37:08 [main] INFO  c.n.t.c.TransactionControllerTests - Starting TransactionControllerTests on DESKTOP-FK0BPQN with PID 7240 (started by USER in E:\projects\transactionTracker)
2018-06-23 20:37:08 [main] INFO  c.n.t.c.TransactionControllerTests - No active profile set, falling back to default profiles: default
2018-06-23 20:37:09 [main] INFO  c.n.t.c.TransactionControllerTests - Started TransactionControllerTests in 1.621 seconds (JVM running for 9.006)
2018-06-23 20:37:10 [main] INFO  c.n.t.c.TransactionController - this transaction occured more than one minute ago TransactionEntity [amount=13.3, timestamp=1529756760467]
2018-06-23 20:37:10 [main] INFO  c.n.t.c.TransactionController - this transaction added successfully to the counted list TransactionEntity [amount=13.3, timestamp=1529756760467]
2018-06-23 20:37:10 [main] INFO  c.n.t.DemoApplicationTests - Starting DemoApplicationTests on DESKTOP-FK0BPQN with PID 7240 (started by USER in E:\projects\transactionTracker)
2018-06-23 20:37:10 [main] INFO  c.n.t.DemoApplicationTests - No active profile set, falling back to default profiles: default
2018-06-23 20:37:14 [main] INFO  c.n.t.DemoApplicationTests - Started DemoApplicationTests in 4.284 seconds (JVM running for 13.887)
2018-06-23 20:39:08 [main] INFO  c.n.t.c.StatisticsControllerTests - Starting StatisticsControllerTests on DESKTOP-FK0BPQN with PID 292 (started by USER in E:\projects\transactionTracker)
2018-06-23 20:39:08 [main] INFO  c.n.t.c.StatisticsControllerTests - No active profile set, falling back to default profiles: default
2018-06-23 20:39:12 [main] INFO  c.n.t.c.StatisticsControllerTests - Started StatisticsControllerTests in 4.152 seconds (JVM running for 5.724)
2018-06-23 20:39:12 [main] INFO  c.n.t.c.TransactionControllerTests - Starting TransactionControllerTests on DESKTOP-FK0BPQN with PID 292 (started by USER in E:\projects\transactionTracker)
2018-06-23 20:39:12 [main] INFO  c.n.t.c.TransactionControllerTests - No active profile set, falling back to default profiles: default
2018-06-23 20:39:13 [main] INFO  c.n.t.c.TransactionControllerTests - Started TransactionControllerTests in 1.117 seconds (JVM running for 7.264)
2018-06-23 20:39:14 [main] INFO  c.n.t.c.TransactionController - this transaction occured more than one minute ago TransactionEntity [amount=13.3, timestamp=1529756760467]
2018-06-23 20:39:14 [main] INFO  c.n.t.c.TransactionController - this transaction added successfully to the counted list TransactionEntity [amount=13.3, timestamp=1529756760467]
2018-06-23 20:39:14 [main] INFO  c.n.t.DemoApplicationTests - Starting DemoApplicationTests on DESKTOP-FK0BPQN with PID 292 (started by USER in E:\projects\transactionTracker)
2018-06-23 20:39:14 [main] INFO  c.n.t.DemoApplicationTests - No active profile set, falling back to default profiles: default
2018-06-23 20:39:17 [main] INFO  c.n.t.DemoApplicationTests - Started DemoApplicationTests in 3.443 seconds (JVM running for 11.155)
2018-06-23 20:40:52 [main] INFO  c.n.t.c.StatisticsControllerTests - Starting StatisticsControllerTests on DESKTOP-FK0BPQN with PID 4908 (started by USER in E:\projects\transactionTracker)
2018-06-23 20:40:52 [main] INFO  c.n.t.c.StatisticsControllerTests - No active profile set, falling back to default profiles: default
2018-06-23 20:40:55 [main] INFO  c.n.t.c.StatisticsControllerTests - Started StatisticsControllerTests in 4.125 seconds (JVM running for 5.65)
2018-06-23 20:40:56 [main] INFO  c.n.t.c.TransactionControllerTests - Starting TransactionControllerTests on DESKTOP-FK0BPQN with PID 4908 (started by USER in E:\projects\transactionTracker)
2018-06-23 20:40:56 [main] INFO  c.n.t.c.TransactionControllerTests - No active profile set, falling back to default profiles: default
2018-06-23 20:40:57 [main] INFO  c.n.t.c.TransactionControllerTests - Started TransactionControllerTests in 1.121 seconds (JVM running for 7.229)
2018-06-23 20:40:57 [main] INFO  c.n.t.c.TransactionController - this transaction occured more than one minute ago TransactionEntity [amount=13.3, timestamp=1529756760467]
2018-06-23 20:40:57 [main] INFO  c.n.t.c.TransactionController - this transaction added successfully to the counted list TransactionEntity [amount=13.3, timestamp=1529756760467]
2018-06-23 20:40:57 [main] INFO  c.n.t.DemoApplicationTests - Starting DemoApplicationTests on DESKTOP-FK0BPQN with PID 4908 (started by USER in E:\projects\transactionTracker)
2018-06-23 20:40:57 [main] INFO  c.n.t.DemoApplicationTests - No active profile set, falling back to default profiles: default
2018-06-23 20:41:01 [main] INFO  c.n.t.DemoApplicationTests - Started DemoApplicationTests in 3.709 seconds (JVM running for 11.248)
